<?xml version="1.0" encoding="UTF-8"?>
<!-- Generated by org.testng.reporters.JUnitReportReporter -->
<testsuite hostname="TRD-LAP-037" failures="0" tests="2" name="tests.HomePage" time="19.477" errors="0" timestamp="2024-07-25T18:36:10 IST" skipped="0">
  <testcase classname="tests.HomePage" name="homepage1" time="7.147"/>
  <testcase classname="tests.HomePage" name="homepage1" time="12.330"/>
</testsuite> <!-- tests.HomePage -->
