<?xml version="1.0" encoding="UTF-8"?>
<!-- Generated by org.testng.reporters.JUnitReportReporter -->
<testsuite hostname="SITPC0022" failures="0" tests="2" name="tests.HomePage" time="11.208" errors="0" timestamp="2024-09-04T10:51:33 IST" skipped="0">
  <testcase classname="tests.HomePage" name="homepage1" time="6.221"/>
  <testcase classname="tests.HomePage" name="homepage1" time="4.987"/>
</testsuite> <!-- tests.HomePage -->
