<?xml version="1.0" encoding="UTF-8"?>
<!-- Generated by org.testng.reporters.JUnitReportReporter -->
<testsuite hostname="SITPC0022" failures="0" tests="1" name="tests.ProspectTest" time="9.050" errors="0" timestamp="2024-09-09T14:51:57 IST" skipped="0">
  <testcase classname="tests.ProspectTest" name="Add_Prospect" time="9.050"/>
</testsuite> <!-- tests.ProspectTest -->
