<?xml version="1.0" encoding="UTF-8"?>
<!-- Generated by org.testng.reporters.JUnitReportReporter -->
<testsuite hostname="SITPC0022" failures="0" tests="1" name="tests.InquiryTest" time="11.250" errors="0" timestamp="2024-09-09T11:51:40 IST" skipped="0">
  <testcase classname="tests.InquiryTest" name="ApplyProjectFilter_Inquiry" time="11.250"/>
</testsuite> <!-- tests.InquiryTest -->
