<?xml version="1.0" encoding="UTF-8"?>
<!-- Generated by org.testng.reporters.JUnitReportReporter -->
<testsuite hostname="SITPC0022" failures="0" tests="1" name="tests.InquiryFormTest" time="7.200" errors="0" timestamp="2024-09-05T16:33:13 IST" skipped="0">
  <testcase classname="tests.InquiryFormTest" name="InquiryFormTest1" time="7.200"/>
</testsuite> <!-- tests.InquiryFormTest -->
